9999999999999999999999999999999999999999999999999999999999999999999999999999999999999999999988
9999999999999999999999999999999999999999999999999999999999999999999999999999999999999999999999
9999999999999999999999999999999999999999999999999999999999999999999999999999999999999999999988
508
0 0
1 1
2 2
3 3
4 4
5 5
6 6
7 7
8 8
9 9
10 10
11 11
12 12
13 13
14 14
15 15
16 16
17 17
18 18
19 19
20 20
21 21
22 22
23 23
24 24
25 25
26 26
27 27
28 28
29 29
30 30
31 31
32 32
33 33
34 34
35 35
36 36
37 37
38 38
39 39
40 40
41 41
42 42
43 43
44 44
45 45
46 46
47 47
48 48
49 49
50 50
51 51
52 52
53 53
54 54
55 55
56 56
57 57
58 58
59 59
60 60
61 61
62 62
63 63
64 64
65 65
66 66
67 67
68 68
69 69
70 70
71 71
72 72
73 73
74 74
75 75
76 76
77 77
78 78
79 79
80 80
81 81
82 82
83 83
84 84
85 85
86 86
87 87
88 88
89 89
90 90
91 91
92 92
93 93
94 94
95 95
96 96
97 97
98 98
99 99
100 100
101 101
102 102
103 103
104 104
105 105
106 106
107 107
108 108
109 109
110 110
111 111
112 112
113 113
114 114
115 115
116 116
117 117
118 118
119 119
120 120
121 121
122 122
123 123
124 124
125 125
126 126
127 127
128 128
129 129
130 130
131 131
132 132
133 133
134 134
135 135
136 136
137 137
138 138
139 139
140 140
141 141
142 142
143 143
144 144
145 145
146 146
147 147
148 148
149 149
150 150
151 151
152 152
153 153
154 154
155 155
156 156
157 157
158 158
159 159
160 160
161 161
162 162
163 163
164 164
165 165
166 166
167 167
168 168
169 169
170 170
171 171
172 172
173 173
174 174
175 175
176 176
177 177
178 178
179 179
180 180
181 181
182 182
183 183
184 184
185 185
186 186
187 187
188 188
189 189
190 190
191 191
192 192
193 193
194 194
195 195
196 196
197 197
198 198
199 199
200 200
201 201
202 202
203 203
204 204
205 205
206 206
207 207
208 208
209 209
210 210
211 211
212 212
213 213
214 214
215 215
216 216
217 217
218 218
219 219
220 220
221 221
222 222
223 223
224 224
225 225
226 226
227 227
228 228
229 229
230 230
231 231
232 232
233 233
234 234
235 235
236 236
237 237
238 238
239 239
240 240
241 241
242 242
243 243
244 244
245 245
246 246
247 247
248 248
249 249
250 250
251 251
252 252
253 253
254 254
255 255
256 256
257 257
258 258
259 259
260 260
261 261
262 262
263 263
264 264
265 265
266 266
267 267
268 268
269 269
270 270
271 271
272 272
273 273
274 274
275 275
276 276
277 277
278 278
279 279
280 280
281 281
282 282
283 283
284 284
285 285
286 286
287 287
288 288
289 289
290 290
291 291
292 292
293 293
294 294
295 295
296 296
297 297
298 298
299 299
300 300
301 301
302 302
303 303
304 304
305 305
306 306
307 307
308 308
309 309
310 310
311 311
309 312
308 313
305 314
303 315
302 316
300 317
296 318
294 319
293 320
292 321
291 322
290 323
289 324
287 325
286 326
284 327
282 328
280 329
278 330
277 331
276 332
274 333
273 334
272 335
271 336
270 337
268 338
263 339
261 340
260 341
259 342
258 343
257 344
254 345
247 346
246 347
245 348
244 349
243 350
242 351
240 352
237 353
236 354
233 355
232 356
228 357
226 358
225 359
221 360
218 361
217 362
216 363
215 364
212 365
211 366
210 367
209 368
207 369
204 370
203 371
202 372
197 373
196 374
195 375
194 376
192 377
191 378
188 379
186 380
185 381
184 382
182 383
180 384
177 385
175 386
173 387
167 388
166 389
163 390
162 391
160 392
156 393
152 394
151 395
149 396
146 397
144 398
139 399
138 400
130 401
128 402
127 403
125 404
124 405
123 406
113 407
111 408
110 409
107 410
105 411
104 412
103 413
101 414
99 415
97 416
93 417
92 418
91 419
90 420
89 421
88 422
87 423
86 424
85 425
84 426
83 427
82 428
81 429
80 430
79 431
78 432
77 433
76 434
75 435
74 436
73 437
72 438
71 439
70 440
69 441
68 442
67 443
66 444
65 445
64 446
63 447
62 448
61 449
60 450
59 451
58 452
57 453
56 454
55 455
54 456
53 457
52 458
51 459
50 460
49 461
48 462
47 463
46 464
45 465
44 466
43 467
42 468
41 469
40 470
39 471
38 472
37 473
36 474
35 475
34 476
33 477
32 478
31 479
30 480
29 481
28 482
27 483
26 484
25 485
24 486
23 487
22 488
21 489
20 490
19 491
18 492
17 493
16 494
15 495
14 496
13 497
12 498
11 499
10 500
9 501
8 502
7 503
6 504
5 505
4 506
2 507
9999999999999999999999999999999999999999999999999999999999999999999999999999999999999999999989
509
0 0
1 1
2 2
3 3
4 4
5 5
6 6
7 7
8 8
9 9
10 10
11 11
12 12
13 13
14 14
15 15
16 16
17 17
18 18
19 19
20 20
21 21
22 22
23 23
24 24
25 25
26 26
27 27
28 28
29 29
30 30
31 31
32 32
33 33
34 34
35 35
36 36
37 37
38 38
39 39
40 40
41 41
42 42
43 43
44 44
45 45
46 46
47 47
48 48
49 49
50 50
51 51
52 52
53 53
54 54
55 55
56 56
57 57
58 58
59 59
60 60
61 61
62 62
63 63
64 64
65 65
66 66
67 67
68 68
69 69
70 70
71 71
72 72
73 73
74 74
75 75
76 76
77 77
78 78
79 79
80 80
81 81
82 82
83 83
84 84
85 85
86 86
87 87
88 88
89 89
90 90
91 91
92 92
93 93
94 94
95 95
96 96
97 97
98 98
99 99
100 100
101 101
102 102
103 103
104 104
105 105
106 106
107 107
108 108
109 109
110 110
111 111
112 112
113 113
114 114
115 115
116 116
117 117
118 118
119 119
120 120
121 121
122 122
123 123
124 124
125 125
126 126
127 127
128 128
129 129
130 130
131 131
132 132
133 133
134 134
135 135
136 136
137 137
138 138
139 139
140 140
141 141
142 142
143 143
144 144
145 145
146 146
147 147
148 148
149 149
150 150
151 151
152 152
153 153
154 154
155 155
156 156
157 157
158 158
159 159
160 160
161 161
162 162
163 163
164 164
165 165
166 166
167 167
168 168
169 169
170 170
171 171
172 172
173 173
174 174
175 175
176 176
177 177
178 178
179 179
180 180
181 181
182 182
183 183
184 184
185 185
186 186
187 187
188 188
189 189
190 190
191 191
192 192
193 193
194 194
195 195
196 196
197 197
198 198
199 199
200 200
201 201
202 202
203 203
204 204
205 205
206 206
207 207
208 208
209 209
210 210
211 211
212 212
213 213
214 214
215 215
216 216
217 217
218 218
219 219
220 220
221 221
222 222
223 223
224 224
225 225
226 226
227 227
228 228
229 229
230 230
231 231
232 232
233 233
234 234
235 235
236 236
237 237
238 238
239 239
240 240
241 241
242 242
243 243
244 244
245 245
246 246
247 247
248 248
249 249
250 250
251 251
252 252
253 253
254 254
255 255
256 256
257 257
258 258
259 259
260 260
261 261
262 262
263 263
264 264
265 265
266 266
267 267
268 268
269 269
270 270
271 271
272 272
273 273
274 274
275 275
276 276
277 277
278 278
279 279
280 280
281 281
282 282
283 283
284 284
285 285
286 286
287 287
288 288
289 289
290 290
291 291
292 292
293 293
294 294
295 295
296 296
297 297
298 298
299 299
300 300
301 301
302 302
303 303
304 304
305 305
306 306
307 307
308 308
309 309
310 310
311 311
309 312
308 313
305 314
303 315
302 316
300 317
296 318
294 319
293 320
292 321
291 322
290 323
289 324
287 325
286 326
284 327
282 328
280 329
278 330
277 331
276 332
274 333
273 334
272 335
271 336
270 337
268 338
263 339
261 340
260 341
259 342
258 343
257 344
254 345
247 346
246 347
245 348
244 349
243 350
242 351
240 352
237 353
236 354
233 355
232 356
228 357
226 358
225 359
221 360
218 361
217 362
216 363
215 364
212 365
211 366
210 367
209 368
207 369
204 370
203 371
202 372
197 373
196 374
195 375
194 376
192 377
191 378
188 379
186 380
185 381
184 382
182 383
180 384
177 385
175 386
173 387
167 388
166 389
163 390
162 391
160 392
156 393
152 394
151 395
149 396
146 397
144 398
139 399
138 400
130 401
128 402
127 403
125 404
124 405
123 406
113 407
111 408
110 409
107 410
105 411
104 412
103 413
101 414
99 415
97 416
93 417
92 418
91 419
90 420
89 421
88 422
87 423
86 424
85 425
84 426
83 427
82 428
81 429
80 430
79 431
78 432
77 433
76 434
75 435
74 436
73 437
72 438
71 439
70 440
69 441
68 442
67 443
66 444
65 445
64 446
63 447
62 448
61 449
60 450
59 451
58 452
57 453
56 454
55 455
54 456
53 457
52 458
51 459
50 460
49 461
48 462
47 463
46 464
45 465
44 466
43 467
42 468
41 469
40 470
39 471
38 472
37 473
36 474
35 475
34 476
33 477
32 478
31 479
30 480
29 481
28 482
27 483
26 484
25 485
24 486
23 487
22 488
21 489
20 490
19 491
18 492
17 493
16 494
15 495
14 496
13 497
12 498
11 499
10 500
9 501
8 502
7 503
6 504
5 505
4 506
2 507
0 508
9999999999999999999999999999999999999999999999999999999999999999999999999999999999999999999990
509
0 0
1 1
2 2
3 3
4 4
5 5
6 6
7 7
8 8
9 9
10 10
11 11
12 12
13 13
14 14
15 15
16 16
17 17
18 18
19 19
20 20
21 21
22 22
23 23
24 24
25 25
26 26
27 27
28 28
29 29
30 30
31 31
32 32
33 33
34 34
35 35
36 36
37 37
38 38
39 39
40 40
41 41
42 42
43 43
44 44
45 45
46 46
47 47
48 48
49 49
50 50
51 51
52 52
53 53
54 54
55 55
56 56
57 57
58 58
59 59
60 60
61 61
62 62
63 63
64 64
65 65
66 66
67 67
68 68
69 69
70 70
71 71
72 72
73 73
74 74
75 75
76 76
77 77
78 78
79 79
80 80
81 81
82 82
83 83
84 84
85 85
86 86
87 87
88 88
89 89
90 90
91 91
92 92
93 93
94 94
95 95
96 96
97 97
98 98
99 99
100 100
101 101
102 102
103 103
104 104
105 105
106 106
107 107
108 108
109 109
110 110
111 111
112 112
113 113
114 114
115 115
116 116
117 117
118 118
119 119
120 120
121 121
122 122
123 123
124 124
125 125
126 126
127 127
128 128
129 129
130 130
131 131
132 132
133 133
134 134
135 135
136 136
137 137
138 138
139 139
140 140
141 141
142 142
143 143
144 144
145 145
146 146
147 147
148 148
149 149
150 150
151 151
152 152
153 153
154 154
155 155
156 156
157 157
158 158
159 159
160 160
161 161
162 162
163 163
164 164
165 165
166 166
167 167
168 168
169 169
170 170
171 171
172 172
173 173
174 174
175 175
176 176
177 177
178 178
179 179
180 180
181 181
182 182
183 183
184 184
185 185
186 186
187 187
188 188
189 189
190 190
191 191
192 192
193 193
194 194
195 195
196 196
197 197
198 198
199 199
200 200
201 201
202 202
203 203
204 204
205 205
206 206
207 207
208 208
209 209
210 210
211 211
212 212
213 213
214 214
215 215
216 216
217 217
218 218
219 219
220 220
221 221
222 222
223 223
224 224
225 225
226 226
227 227
228 228
229 229
230 230
231 231
232 232
233 233
234 234
235 235
236 236
237 237
238 238
239 239
240 240
241 241
242 242
243 243
244 244
245 245
246 246
247 247
248 248
249 249
250 250
251 251
252 252
253 253
254 254
255 255
256 256
257 257
258 258
259 259
260 260
261 261
262 262
263 263
264 264
265 265
266 266
267 267
268 268
269 269
270 270
271 271
272 272
273 273
274 274
275 275
276 276
277 277
278 278
279 279
280 280
281 281
282 282
283 283
284 284
285 285
286 286
287 287
288 288
289 289
290 290
291 291
292 292
293 293
294 294
295 295
296 296
297 297
298 298
299 299
300 300
301 301
302 302
303 303
304 304
305 305
306 306
307 307
308 308
309 309
310 310
311 311
309 312
308 313
305 314
303 315
302 316
300 317
296 318
294 319
293 320
292 321
291 322
290 323
289 324
287 325
286 326
284 327
282 328
280 329
278 330
277 331
276 332
274 333
273 334
272 335
271 336
270 337
268 338
263 339
261 340
260 341
259 342
258 343
257 344
254 345
247 346
246 347
245 348
244 349
243 350
242 351
240 352
237 353
236 354
233 355
232 356
228 357
226 358
225 359
221 360
218 361
217 362
216 363
215 364
212 365
211 366
210 367
209 368
207 369
204 370
203 371
202 372
197 373
196 374
195 375
194 376
192 377
191 378
188 379
186 380
185 381
184 382
182 383
180 384
177 385
175 386
173 387
167 388
166 389
163 390
162 391
160 392
156 393
152 394
151 395
149 396
146 397
144 398
139 399
138 400
130 401
128 402
127 403
125 404
124 405
123 406
113 407
111 408
110 409
107 410
105 411
104 412
103 413
101 414
99 415
97 416
93 417
92 418
91 419
90 420
89 421
88 422
87 423
86 424
85 425
84 426
83 427
82 428
81 429
80 430
79 431
78 432
77 433
76 434
75 435
74 436
73 437
72 438
71 439
70 440
69 441
68 442
67 443
66 444
65 445
64 446
63 447
62 448
61 449
60 450
59 451
58 452
57 453
56 454
55 455
54 456
53 457
52 458
51 459
50 460
49 461
48 462
47 463
46 464
45 465
44 466
43 467
42 468
41 469
40 470
39 471
38 472
37 473
36 474
35 475
34 476
33 477
32 478
31 479
30 480
29 481
28 482
27 483
26 484
25 485
24 486
23 487
22 488
21 489
20 490
19 491
18 492
17 493
16 494
15 495
14 496
13 497
12 498
11 499
10 500
9 501
8 502
7 503
6 504
5 505
4 506
2 507
1 508
9999999999999999999999999999999999999999999999999999999999999999999999999999999999999999999991
510
0 0
1 1
2 2
3 3
4 4
5 5
6 6
7 7
8 8
9 9
10 10
11 11
12 12
13 13
14 14
15 15
16 16
17 17
18 18
19 19
20 20
21 21
22 22
23 23
24 24
25 25
26 26
27 27
28 28
29 29
30 30
31 31
32 32
33 33
34 34
35 35
36 36
37 37
38 38
39 39
40 40
41 41
42 42
43 43
44 44
45 45
46 46
47 47
48 48
49 49
50 50
51 51
52 52
53 53
54 54
55 55
56 56
57 57
58 58
59 59
60 60
61 61
62 62
63 63
64 64
65 65
66 66
67 67
68 68
69 69
70 70
71 71
72 72
73 73
74 74
75 75
76 76
77 77
78 78
79 79
80 80
81 81
82 82
83 83
84 84
85 85
86 86
87 87
88 88
89 89
90 90
91 91
92 92
93 93
94 94
95 95
96 96
97 97
98 98
99 99
100 100
101 101
102 102
103 103
104 104
105 105
106 106
107 107
108 108
109 109
110 110
111 111
112 112
113 113
114 114
115 115
116 116
117 117
118 118
119 119
120 120
121 121
122 122
123 123
124 124
125 125
126 126
127 127
128 128
129 129
130 130
131 131
132 132
133 133
134 134
135 135
136 136
137 137
138 138
139 139
140 140
141 141
142 142
143 143
144 144
145 145
146 146
147 147
148 148
149 149
150 150
151 151
152 152
153 153
154 154
155 155
156 156
157 157
158 158
159 159
160 160
161 161
162 162
163 163
164 164
165 165
166 166
167 167
168 168
169 169
170 170
171 171
172 172
173 173
174 174
175 175
176 176
177 177
178 178
179 179
180 180
181 181
182 182
183 183
184 184
185 185
186 186
187 187
188 188
189 189
190 190
191 191
192 192
193 193
194 194
195 195
196 196
197 197
198 198
199 199
200 200
201 201
202 202
203 203
204 204
205 205
206 206
207 207
208 208
209 209
210 210
211 211
212 212
213 213
214 214
215 215
216 216
217 217
218 218
219 219
220 220
221 221
222 222
223 223
224 224
225 225
226 226
227 227
228 228
229 229
230 230
231 231
232 232
233 233
234 234
235 235
236 236
237 237
238 238
239 239
240 240
241 241
242 242
243 243
244 244
245 245
246 246
247 247
248 248
249 249
250 250
251 251
252 252
253 253
254 254
255 255
256 256
257 257
258 258
259 259
260 260
261 261
262 262
263 263
264 264
265 265
266 266
267 267
268 268
269 269
270 270
271 271
272 272
273 273
274 274
275 275
276 276
277 277
278 278
279 279
280 280
281 281
282 282
283 283
284 284
285 285
286 286
287 287
288 288
289 289
290 290
291 291
292 292
293 293
294 294
295 295
296 296
297 297
298 298
299 299
300 300
301 301
302 302
303 303
304 304
305 305
306 306
307 307
308 308
309 309
310 310
311 311
309 312
308 313
305 314
303 315
302 316
300 317
296 318
294 319
293 320
292 321
291 322
290 323
289 324
287 325
286 326
284 327
282 328
280 329
278 330
277 331
276 332
274 333
273 334
272 335
271 336
270 337
268 338
263 339
261 340
260 341
259 342
258 343
257 344
254 345
247 346
246 347
245 348
244 349
243 350
242 351
240 352
237 353
236 354
233 355
232 356
228 357
226 358
225 359
221 360
218 361
217 362
216 363
215 364
212 365
211 366
210 367
209 368
207 369
204 370
203 371
202 372
197 373
196 374
195 375
194 376
192 377
191 378
188 379
186 380
185 381
184 382
182 383
180 384
177 385
175 386
173 387
167 388
166 389
163 390
162 391
160 392
156 393
152 394
151 395
149 396
146 397
144 398
139 399
138 400
130 401
128 402
127 403
125 404
124 405
123 406
113 407
111 408
110 409
107 410
105 411
104 412
103 413
101 414
99 415
97 416
93 417
92 418
91 419
90 420
89 421
88 422
87 423
86 424
85 425
84 426
83 427
82 428
81 429
80 430
79 431
78 432
77 433
76 434
75 435
74 436
73 437
72 438
71 439
70 440
69 441
68 442
67 443
66 444
65 445
64 446
63 447
62 448
61 449
60 450
59 451
58 452
57 453
56 454
55 455
54 456
53 457
52 458
51 459
50 460
49 461
48 462
47 463
46 464
45 465
44 466
43 467
42 468
41 469
40 470
39 471
38 472
37 473
36 474
35 475
34 476
33 477
32 478
31 479
30 480
29 481
28 482
27 483
26 484
25 485
24 486
23 487
22 488
21 489
20 490
19 491
18 492
17 493
16 494
15 495
14 496
13 497
12 498
11 499
10 500
9 501
8 502
7 503
6 504
5 505
4 506
2 507
1 508
0 509
9999999999999999999999999999999999999999999999999999999999999999999999999999999999999999999992
508
0 0
1 1
2 2
3 3
4 4
5 5
6 6
7 7
8 8
9 9
10 10
11 11
12 12
13 13
14 14
15 15
16 16
17 17
18 18
19 19
20 20
21 21
22 22
23 23
24 24
25 25
26 26
27 27
28 28
29 29
30 30
31 31
32 32
33 33
34 34
35 35
36 36
37 37
38 38
39 39
40 40
41 41
42 42
43 43
44 44
45 45
46 46
47 47
48 48
49 49
50 50
51 51
52 52
53 53
54 54
55 55
56 56
57 57
58 58
59 59
60 60
61 61
62 62
63 63
64 64
65 65
66 66
67 67
68 68
69 69
70 70
71 71
72 72
73 73
74 74
75 75
76 76
77 77
78 78
79 79
80 80
81 81
82 82
83 83
84 84
85 85
86 86
87 87
88 88
89 89
90 90
91 91
92 92
93 93
94 94
95 95
96 96
97 97
98 98
99 99
100 100
101 101
102 102
103 103
104 104
105 105
106 106
107 107
108 108
109 109
110 110
111 111
112 112
113 113
114 114
115 115
116 116
117 117
118 118
119 119
120 120
121 121
122 122
123 123
124 124
125 125
126 126
127 127
128 128
129 129
130 130
131 131
132 132
133 133
134 134
135 135
136 136
137 137
138 138
139 139
140 140
141 141
142 142
143 143
144 144
145 145
146 146
147 147
148 148
149 149
150 150
151 151
152 152
153 153
154 154
155 155
156 156
157 157
158 158
159 159
160 160
161 161
162 162
163 163
164 164
165 165
166 166
167 167
168 168
169 169
170 170
171 171
172 172
173 173
174 174
175 175
176 176
177 177
178 178
179 179
180 180
181 181
182 182
183 183
184 184
185 185
186 186
187 187
188 188
189 189
190 190
191 191
192 192
193 193
194 194
195 195
196 196
197 197
198 198
199 199
200 200
201 201
202 202
203 203
204 204
205 205
206 206
207 207
208 208
209 209
210 210
211 211
212 212
213 213
214 214
215 215
216 216
217 217
218 218
219 219
220 220
221 221
222 222
223 223
224 224
225 225
226 226
227 227
228 228
229 229
230 230
231 231
232 232
233 233
234 234
235 235
236 236
237 237
238 238
239 239
240 240
241 241
242 242
243 243
244 244
245 245
246 246
247 247
248 248
249 249
250 250
251 251
252 252
253 253
254 254
255 255
256 256
257 257
258 258
259 259
260 260
261 261
262 262
263 263
264 264
265 265
266 266
267 267
268 268
269 269
270 270
271 271
272 272
273 273
274 274
275 275
276 276
277 277
278 278
279 279
280 280
281 281
282 282
283 283
284 284
285 285
286 286
287 287
288 288
289 289
290 290
291 291
292 292
293 293
294 294
295 295
296 296
297 297
298 298
299 299
300 300
301 301
302 302
303 303
304 304
305 305
306 306
307 307
308 308
309 309
310 310
311 311
309 312
308 313
305 314
303 315
302 316
300 317
296 318
294 319
293 320
292 321
291 322
290 323
289 324
287 325
286 326
284 327
282 328
280 329
278 330
277 331
276 332
274 333
273 334
272 335
271 336
270 337
268 338
263 339
261 340
260 341
259 342
258 343
257 344
254 345
247 346
246 347
245 348
244 349
243 350
242 351
240 352
237 353
236 354
233 355
232 356
228 357
226 358
225 359
221 360
218 361
217 362
216 363
215 364
212 365
211 366
210 367
209 368
207 369
204 370
203 371
202 372
197 373
196 374
195 375
194 376
192 377
191 378
188 379
186 380
185 381
184 382
182 383
180 384
177 385
175 386
173 387
167 388
166 389
163 390
162 391
160 392
156 393
152 394
151 395
149 396
146 397
144 398
139 399
138 400
130 401
128 402
127 403
125 404
124 405
123 406
113 407
111 408
110 409
107 410
105 411
104 412
103 413
101 414
99 415
97 416
93 417
92 418
91 419
90 420
89 421
88 422
87 423
86 424
85 425
84 426
83 427
82 428
81 429
80 430
79 431
78 432
77 433
76 434
75 435
74 436
73 437
72 438
71 439
70 440
69 441
68 442
67 443
66 444
65 445
64 446
63 447
62 448
61 449
60 450
59 451
58 452
57 453
56 454
55 455
54 456
53 457
52 458
51 459
50 460
49 461
48 462
47 463
46 464
45 465
44 466
43 467
42 468
41 469
40 470
39 471
38 472
37 473
36 474
35 475
34 476
33 477
32 478
31 479
30 480
29 481
28 482
27 483
26 484
25 485
24 486
23 487
22 488
21 489
20 490
19 491
18 492
17 493
16 494
15 495
14 496
13 497
12 498
11 499
10 500
9 501
8 502
7 503
6 504
5 505
4 506
3 507
9999999999999999999999999999999999999999999999999999999999999999999999999999999999999999999993
509
0 0
1 1
2 2
3 3
4 4
5 5
6 6
7 7
8 8
9 9
10 10
11 11
12 12
13 13
14 14
15 15
16 16
17 17
18 18
19 19
20 20
21 21
22 22
23 23
24 24
25 25
26 26
27 27
28 28
29 29
30 30
31 31
32 32
33 33
34 34
35 35
36 36
37 37
38 38
39 39
40 40
41 41
42 42
43 43
44 44
45 45
46 46
47 47
48 48
49 49
50 50
51 51
52 52
53 53
54 54
55 55
56 56
57 57
58 58
59 59
60 60
61 61
62 62
63 63
64 64
65 65
66 66
67 67
68 68
69 69
70 70
71 71
72 72
73 73
74 74
75 75
76 76
77 77
78 78
79 79
80 80
81 81
82 82
83 83
84 84
85 85
86 86
87 87
88 88
89 89
90 90
91 91
92 92
93 93
94 94
95 95
96 96
97 97
98 98
99 99
100 100
101 101
102 102
103 103
104 104
105 105
106 106
107 107
108 108
109 109
110 110
111 111
112 112
113 113
114 114
115 115
116 116
117 117
118 118
119 119
120 120
121 121
122 122
123 123
124 124
125 125
126 126
127 127
128 128
129 129
130 130
131 131
132 132
133 133
134 134
135 135
136 136
137 137
138 138
139 139
140 140
141 141
142 142
143 143
144 144
145 145
146 146
147 147
148 148
149 149
150 150
151 151
152 152
153 153
154 154
155 155
156 156
157 157
158 158
159 159
160 160
161 161
162 162
163 163
164 164
165 165
166 166
167 167
168 168
169 169
170 170
171 171
172 172
173 173
174 174
175 175
176 176
177 177
178 178
179 179
180 180
181 181
182 182
183 183
184 184
185 185
186 186
187 187
188 188
189 189
190 190
191 191
192 192
193 193
194 194
195 195
196 196
197 197
198 198
199 199
200 200
201 201
202 202
203 203
204 204
205 205
206 206
207 207
208 208
209 209
210 210
211 211
212 212
213 213
214 214
215 215
216 216
217 217
218 218
219 219
220 220
221 221
222 222
223 223
224 224
225 225
226 226
227 227
228 228
229 229
230 230
231 231
232 232
233 233
234 234
235 235
236 236
237 237
238 238
239 239
240 240
241 241
242 242
243 243
244 244
245 245
246 246
247 247
248 248
249 249
250 250
251 251
252 252
253 253
254 254
255 255
256 256
257 257
258 258
259 259
260 260
261 261
262 262
263 263
264 264
265 265
266 266
267 267
268 268
269 269
270 270
271 271
272 272
273 273
274 274
275 275
276 276
277 277
278 278
279 279
280 280
281 281
282 282
283 283
284 284
285 285
286 286
287 287
288 288
289 289
290 290
291 291
292 292
293 293
294 294
295 295
296 296
297 297
298 298
299 299
300 300
301 301
302 302
303 303
304 304
305 305
306 306
307 307
308 308
309 309
310 310
311 311
309 312
308 313
305 314
303 315
302 316
300 317
296 318
294 319
293 320
292 321
291 322
290 323
289 324
287 325
286 326
284 327
282 328
280 329
278 330
277 331
276 332
274 333
273 334
272 335
271 336
270 337
268 338
263 339
261 340
260 341
259 342
258 343
257 344
254 345
247 346
246 347
245 348
244 349
243 350
242 351
240 352
237 353
236 354
233 355
232 356
228 357
226 358
225 359
221 360
218 361
217 362
216 363
215 364
212 365
211 366
210 367
209 368
207 369
204 370
203 371
202 372
197 373
196 374
195 375
194 376
192 377
191 378
188 379
186 380
185 381
184 382
182 383
180 384
177 385
175 386
173 387
167 388
166 389
163 390
162 391
160 392
156 393
152 394
151 395
149 396
146 397
144 398
139 399
138 400
130 401
128 402
127 403
125 404
124 405
123 406
113 407
111 408
110 409
107 410
105 411
104 412
103 413
101 414
99 415
97 416
93 417
92 418
91 419
90 420
89 421
88 422
87 423
86 424
85 425
84 426
83 427
82 428
81 429
80 430
79 431
78 432
77 433
76 434
75 435
74 436
73 437
72 438
71 439
70 440
69 441
68 442
67 443
66 444
65 445
64 446
63 447
62 448
61 449
60 450
59 451
58 452
57 453
56 454
55 455
54 456
53 457
52 458
51 459
50 460
49 461
48 462
47 463
46 464
45 465
44 466
43 467
42 468
41 469
40 470
39 471
38 472
37 473
36 474
35 475
34 476
33 477
32 478
31 479
30 480
29 481
28 482
27 483
26 484
25 485
24 486
23 487
22 488
21 489
20 490
19 491
18 492
17 493
16 494
15 495
14 496
13 497
12 498
11 499
10 500
9 501
8 502
7 503
6 504
5 505
4 506
3 507
0 508
9999999999999999999999999999999999999999999999999999999999999999999999999999999999999999999994
509
0 0
1 1
2 2
3 3
4 4
5 5
6 6
7 7
8 8
9 9
10 10
11 11
12 12
13 13
14 14
15 15
16 16
17 17
18 18
19 19
20 20
21 21
22 22
23 23
24 24
25 25
26 26
27 27
28 28
29 29
30 30
31 31
32 32
33 33
34 34
35 35
36 36
37 37
38 38
39 39
40 40
41 41
42 42
43 43
44 44
45 45
46 46
47 47
48 48
49 49
50 50
51 51
52 52
53 53
54 54
55 55
56 56
57 57
58 58
59 59
60 60
61 61
62 62
63 63
64 64
65 65
66 66
67 67
68 68
69 69
70 70
71 71
72 72
73 73
74 74
75 75
76 76
77 77
78 78
79 79
80 80
81 81
82 82
83 83
84 84
85 85
86 86
87 87
88 88
89 89
90 90
91 91
92 92
93 93
94 94
95 95
96 96
97 97
98 98
99 99
100 100
101 101
102 102
103 103
104 104
105 105
106 106
107 107
108 108
109 109
110 110
111 111
112 112
113 113
114 114
115 115
116 116
117 117
118 118
119 119
120 120
121 121
122 122
123 123
124 124
125 125
126 126
127 127
128 128
129 129
130 130
131 131
132 132
133 133
134 134
135 135
136 136
137 137
138 138
139 139
140 140
141 141
142 142
143 143
144 144
145 145
146 146
147 147
148 148
149 149
150 150
151 151
152 152
153 153
154 154
155 155
156 156
157 157
158 158
159 159
160 160
161 161
162 162
163 163
164 164
165 165
166 166
167 167
168 168
169 169
170 170
171 171
172 172
173 173
174 174
175 175
176 176
177 177
178 178
179 179
180 180
181 181
182 182
183 183
184 184
185 185
186 186
187 187
188 188
189 189
190 190
191 191
192 192
193 193
194 194
195 195
196 196
197 197
198 198
199 199
200 200
201 201
202 202
203 203
204 204
205 205
206 206
207 207
208 208
209 209
210 210
211 211
212 212
213 213
214 214
215 215
216 216
217 217
218 218
219 219
220 220
221 221
222 222
223 223
224 224
225 225
226 226
227 227
228 228
229 229
230 230
231 231
232 232
233 233
234 234
235 235
236 236
237 237
238 238
239 239
240 240
241 241
242 242
243 243
244 244
245 245
246 246
247 247
248 248
249 249
250 250
251 251
252 252
253 253
254 254
255 255
256 256
257 257
258 258
259 259
260 260
261 261
262 262
263 263
264 264
265 265
266 266
267 267
268 268
269 269
270 270
271 271
272 272
273 273
274 274
275 275
276 276
277 277
278 278
279 279
280 280
281 281
282 282
283 283
284 284
285 285
286 286
287 287
288 288
289 289
290 290
291 291
292 292
293 293
294 294
295 295
296 296
297 297
298 298
299 299
300 300
301 301
302 302
303 303
304 304
305 305
306 306
307 307
308 308
309 309
310 310
311 311
309 312
308 313
305 314
303 315
302 316
300 317
296 318
294 319
293 320
292 321
291 322
290 323
289 324
287 325
286 326
284 327
282 328
280 329
278 330
277 331
276 332
274 333
273 334
272 335
271 336
270 337
268 338
263 339
261 340
260 341
259 342
258 343
257 344
254 345
247 346
246 347
245 348
244 349
243 350
242 351
240 352
237 353
236 354
233 355
232 356
228 357
226 358
225 359
221 360
218 361
217 362
216 363
215 364
212 365
211 366
210 367
209 368
207 369
204 370
203 371
202 372
197 373
196 374
195 375
194 376
192 377
191 378
188 379
186 380
185 381
184 382
182 383
180 384
177 385
175 386
173 387
167 388
166 389
163 390
162 391
160 392
156 393
152 394
151 395
149 396
146 397
144 398
139 399
138 400
130 401
128 402
127 403
125 404
124 405
123 406
113 407
111 408
110 409
107 410
105 411
104 412
103 413
101 414
99 415
97 416
93 417
92 418
91 419
90 420
89 421
88 422
87 423
86 424
85 425
84 426
83 427
82 428
81 429
80 430
79 431
78 432
77 433
76 434
75 435
74 436
73 437
72 438
71 439
70 440
69 441
68 442
67 443
66 444
65 445
64 446
63 447
62 448
61 449
60 450
59 451
58 452
57 453
56 454
55 455
54 456
53 457
52 458
51 459
50 460
49 461
48 462
47 463
46 464
45 465
44 466
43 467
42 468
41 469
40 470
39 471
38 472
37 473
36 474
35 475
34 476
33 477
32 478
31 479
30 480
29 481
28 482
27 483
26 484
25 485
24 486
23 487
22 488
21 489
20 490
19 491
18 492
17 493
16 494
15 495
14 496
13 497
12 498
11 499
10 500
9 501
8 502
7 503
6 504
5 505
4 506
3 507
1 508
9999999999999999999999999999999999999999999999999999999999999999999999999999999999999999999995
510
0 0
1 1
2 2
3 3
4 4
5 5
6 6
7 7
8 8
9 9
10 10
11 11
12 12
13 13
14 14
15 15
16 16
17 17
18 18
19 19
20 20
21 21
22 22
23 23
24 24
25 25
26 26
27 27
28 28
29 29
30 30
31 31
32 32
33 33
34 34
35 35
36 36
37 37
38 38
39 39
40 40
41 41
42 42
43 43
44 44
45 45
46 46
47 47
48 48
49 49
50 50
51 51
52 52
53 53
54 54
55 55
56 56
57 57
58 58
59 59
60 60
61 61
62 62
63 63
64 64
65 65
66 66
67 67
68 68
69 69
70 70
71 71
72 72
73 73
74 74
75 75
76 76
77 77
78 78
79 79
80 80
81 81
82 82
83 83
84 84
85 85
86 86
87 87
88 88
89 89
90 90
91 91
92 92
93 93
94 94
95 95
96 96
97 97
98 98
99 99
100 100
101 101
102 102
103 103
104 104
105 105
106 106
107 107
108 108
109 109
110 110
111 111
112 112
113 113
114 114
115 115
116 116
117 117
118 118
119 119
120 120
121 121
122 122
123 123
124 124
125 125
126 126
127 127
128 128
129 129
130 130
131 131
132 132
133 133
134 134
135 135
136 136
137 137
138 138
139 139
140 140
141 141
142 142
143 143
144 144
145 145
146 146
147 147
148 148
149 149
150 150
151 151
152 152
153 153
154 154
155 155
156 156
157 157
158 158
159 159
160 160
161 161
162 162
163 163
164 164
165 165
166 166
167 167
168 168
169 169
170 170
171 171
172 172
173 173
174 174
175 175
176 176
177 177
178 178
179 179
180 180
181 181
182 182
183 183
184 184
185 185
186 186
187 187
188 188
189 189
190 190
191 191
192 192
193 193
194 194
195 195
196 196
197 197
198 198
199 199
200 200
201 201
202 202
203 203
204 204
205 205
206 206
207 207
208 208
209 209
210 210
211 211
212 212
213 213
214 214
215 215
216 216
217 217
218 218
219 219
220 220
221 221
222 222
223 223
224 224
225 225
226 226
227 227
228 228
229 229
230 230
231 231
232 232
233 233
234 234
235 235
236 236
237 237
238 238
239 239
240 240
241 241
242 242
243 243
244 244
245 245
246 246
247 247
248 248
249 249
250 250
251 251
252 252
253 253
254 254
255 255
256 256
257 257
258 258
259 259
260 260
261 261
262 262
263 263
264 264
265 265
266 266
267 267
268 268
269 269
270 270
271 271
272 272
273 273
274 274
275 275
276 276
277 277
278 278
279 279
280 280
281 281
282 282
283 283
284 284
285 285
286 286
287 287
288 288
289 289
290 290
291 291
292 292
293 293
294 294
295 295
296 296
297 297
298 298
299 299
300 300
301 301
302 302
303 303
304 304
305 305
306 306
307 307
308 308
309 309
310 310
311 311
309 312
308 313
305 314
303 315
302 316
300 317
296 318
294 319
293 320
292 321
291 322
290 323
289 324
287 325
286 326
284 327
282 328
280 329
278 330
277 331
276 332
274 333
273 334
272 335
271 336
270 337
268 338
263 339
261 340
260 341
259 342
258 343
257 344
254 345
247 346
246 347
245 348
244 349
243 350
242 351
240 352
237 353
236 354
233 355
232 356
228 357
226 358
225 359
221 360
218 361
217 362
216 363
215 364
212 365
211 366
210 367
209 368
207 369
204 370
203 371
202 372
197 373
196 374
195 375
194 376
192 377
191 378
188 379
186 380
185 381
184 382
182 383
180 384
177 385
175 386
173 387
167 388
166 389
163 390
162 391
160 392
156 393
152 394
151 395
149 396
146 397
144 398
139 399
138 400
130 401
128 402
127 403
125 404
124 405
123 406
113 407
111 408
110 409
107 410
105 411
104 412
103 413
101 414
99 415
97 416
93 417
92 418
91 419
90 420
89 421
88 422
87 423
86 424
85 425
84 426
83 427
82 428
81 429
80 430
79 431
78 432
77 433
76 434
75 435
74 436
73 437
72 438
71 439
70 440
69 441
68 442
67 443
66 444
65 445
64 446
63 447
62 448
61 449
60 450
59 451
58 452
57 453
56 454
55 455
54 456
53 457
52 458
51 459
50 460
49 461
48 462
47 463
46 464
45 465
44 466
43 467
42 468
41 469
40 470
39 471
38 472
37 473
36 474
35 475
34 476
33 477
32 478
31 479
30 480
29 481
28 482
27 483
26 484
25 485
24 486
23 487
22 488
21 489
20 490
19 491
18 492
17 493
16 494
15 495
14 496
13 497
12 498
11 499
10 500
9 501
8 502
7 503
6 504
5 505
4 506
3 507
1 508
0 509
9999999999999999999999999999999999999999999999999999999999999999999999999999999999999999999996
509
0 0
1 1
2 2
3 3
4 4
5 5
6 6
7 7
8 8
9 9
10 10
11 11
12 12
13 13
14 14
15 15
16 16
17 17
18 18
19 19
20 20
21 21
22 22
23 23
24 24
25 25
26 26
27 27
28 28
29 29
30 30
31 31
32 32
33 33
34 34
35 35
36 36
37 37
38 38
39 39
40 40
41 41
42 42
43 43
44 44
45 45
46 46
47 47
48 48
49 49
50 50
51 51
52 52
53 53
54 54
55 55
56 56
57 57
58 58
59 59
60 60
61 61
62 62
63 63
64 64
65 65
66 66
67 67
68 68
69 69
70 70
71 71
72 72
73 73
74 74
75 75
76 76
77 77
78 78
79 79
80 80
81 81
82 82
83 83
84 84
85 85
86 86
87 87
88 88
89 89
90 90
91 91
92 92
93 93
94 94
95 95
96 96
97 97
98 98
99 99
100 100
101 101
102 102
103 103
104 104
105 105
106 106
107 107
108 108
109 109
110 110
111 111
112 112
113 113
114 114
115 115
116 116
117 117
118 118
119 119
120 120
121 121
122 122
123 123
124 124
125 125
126 126
127 127
128 128
129 129
130 130
131 131
132 132
133 133
134 134
135 135
136 136
137 137
138 138
139 139
140 140
141 141
142 142
143 143
144 144
145 145
146 146
147 147
148 148
149 149
150 150
151 151
152 152
153 153
154 154
155 155
156 156
157 157
158 158
159 159
160 160
161 161
162 162
163 163
164 164
165 165
166 166
167 167
168 168
169 169
170 170
171 171
172 172
173 173
174 174
175 175
176 176
177 177
178 178
179 179
180 180
181 181
182 182
183 183
184 184
185 185
186 186
187 187
188 188
189 189
190 190
191 191
192 192
193 193
194 194
195 195
196 196
197 197
198 198
199 199
200 200
201 201
202 202
203 203
204 204
205 205
206 206
207 207
208 208
209 209
210 210
211 211
212 212
213 213
214 214
215 215
216 216
217 217
218 218
219 219
220 220
221 221
222 222
223 223
224 224
225 225
226 226
227 227
228 228
229 229
230 230
231 231
232 232
233 233
234 234
235 235
236 236
237 237
238 238
239 239
240 240
241 241
242 242
243 243
244 244
245 245
246 246
247 247
248 248
249 249
250 250
251 251
252 252
253 253
254 254
255 255
256 256
257 257
258 258
259 259
260 260
261 261
262 262
263 263
264 264
265 265
266 266
267 267
268 268
269 269
270 270
271 271
272 272
273 273
274 274
275 275
276 276
277 277
278 278
279 279
280 280
281 281
282 282
283 283
284 284
285 285
286 286
287 287
288 288
289 289
290 290
291 291
292 292
293 293
294 294
295 295
296 296
297 297
298 298
299 299
300 300
301 301
302 302
303 303
304 304
305 305
306 306
307 307
308 308
309 309
310 310
311 311
309 312
308 313
305 314
303 315
302 316
300 317
296 318
294 319
293 320
292 321
291 322
290 323
289 324
287 325
286 326
284 327
282 328
280 329
278 330
277 331
276 332
274 333
273 334
272 335
271 336
270 337
268 338
263 339
261 340
260 341
259 342
258 343
257 344
254 345
247 346
246 347
245 348
244 349
243 350
242 351
240 352
237 353
236 354
233 355
232 356
228 357
226 358
225 359
221 360
218 361
217 362
216 363
215 364
212 365
211 366
210 367
209 368
207 369
204 370
203 371
202 372
197 373
196 374
195 375
194 376
192 377
191 378
188 379
186 380
185 381
184 382
182 383
180 384
177 385
175 386
173 387
167 388
166 389
163 390
162 391
160 392
156 393
152 394
151 395
149 396
146 397
144 398
139 399
138 400
130 401
128 402
127 403
125 404
124 405
123 406
113 407
111 408
110 409
107 410
105 411
104 412
103 413
101 414
99 415
97 416
93 417
92 418
91 419
90 420
89 421
88 422
87 423
86 424
85 425
84 426
83 427
82 428
81 429
80 430
79 431
78 432
77 433
76 434
75 435
74 436
73 437
72 438
71 439
70 440
69 441
68 442
67 443
66 444
65 445
64 446
63 447
62 448
61 449
60 450
59 451
58 452
57 453
56 454
55 455
54 456
53 457
52 458
51 459
50 460
49 461
48 462
47 463
46 464
45 465
44 466
43 467
42 468
41 469
40 470
39 471
38 472
37 473
36 474
35 475
34 476
33 477
32 478
31 479
30 480
29 481
28 482
27 483
26 484
25 485
24 486
23 487
22 488
21 489
20 490
19 491
18 492
17 493
16 494
15 495
14 496
13 497
12 498
11 499
10 500
9 501
8 502
7 503
6 504
5 505
4 506
3 507
2 508
9999999999999999999999999999999999999999999999999999999999999999999999999999999999999999999997
510
0 0
1 1
2 2
3 3
4 4
5 5
6 6
7 7
8 8
9 9
10 10
11 11
12 12
13 13
14 14
15 15
16 16
17 17
18 18
19 19
20 20
21 21
22 22
23 23
24 24
25 25
26 26
27 27
28 28
29 29
30 30
31 31
32 32
33 33
34 34
35 35
36 36
37 37
38 38
39 39
40 40
41 41
42 42
43 43
44 44
45 45
46 46
47 47
48 48
49 49
50 50
51 51
52 52
53 53
54 54
55 55
56 56
57 57
58 58
59 59
60 60
61 61
62 62
63 63
64 64
65 65
66 66
67 67
68 68
69 69
70 70
71 71
72 72
73 73
74 74
75 75
76 76
77 77
78 78
79 79
80 80
81 81
82 82
83 83
84 84
85 85
86 86
87 87
88 88
89 89
90 90
91 91
92 92
93 93
94 94
95 95
96 96
97 97
98 98
99 99
100 100
101 101
102 102
103 103
104 104
105 105
106 106
107 107
108 108
109 109
110 110
111 111
112 112
113 113
114 114
115 115
116 116
117 117
118 118
119 119
120 120
121 121
122 122
123 123
124 124
125 125
126 126
127 127
128 128
129 129
130 130
131 131
132 132
133 133
134 134
135 135
136 136
137 137
138 138
139 139
140 140
141 141
142 142
143 143
144 144
145 145
146 146
147 147
148 148
149 149
150 150
151 151
152 152
153 153
154 154
155 155
156 156
157 157
158 158
159 159
160 160
161 161
162 162
163 163
164 164
165 165
166 166
167 167
168 168
169 169
170 170
171 171
172 172
173 173
174 174
175 175
176 176
177 177
178 178
179 179
180 180
181 181
182 182
183 183
184 184
185 185
186 186
187 187
188 188
189 189
190 190
191 191
192 192
193 193
194 194
195 195
196 196
197 197
198 198
199 199
200 200
201 201
202 202
203 203
204 204
205 205
206 206
207 207
208 208
209 209
210 210
211 211
212 212
213 213
214 214
215 215
216 216
217 217
218 218
219 219
220 220
221 221
222 222
223 223
224 224
225 225
226 226
227 227
228 228
229 229
230 230
231 231
232 232
233 233
234 234
235 235
236 236
237 237
238 238
239 239
240 240
241 241
242 242
243 243
244 244
245 245
246 246
247 247
248 248
249 249
250 250
251 251
252 252
253 253
254 254
255 255
256 256
257 257
258 258
259 259
260 260
261 261
262 262
263 263
264 264
265 265
266 266
267 267
268 268
269 269
270 270
271 271
272 272
273 273
274 274
275 275
276 276
277 277
278 278
279 279
280 280
281 281
282 282
283 283
284 284
285 285
286 286
287 287
288 288
289 289
290 290
291 291
292 292
293 293
294 294
295 295
296 296
297 297
298 298
299 299
300 300
301 301
302 302
303 303
304 304
305 305
306 306
307 307
308 308
309 309
310 310
311 311
309 312
308 313
305 314
303 315
302 316
300 317
296 318
294 319
293 320
292 321
291 322
290 323
289 324
287 325
286 326
284 327
282 328
280 329
278 330
277 331
276 332
274 333
273 334
272 335
271 336
270 337
268 338
263 339
261 340
260 341
259 342
258 343
257 344
254 345
247 346
246 347
245 348
244 349
243 350
242 351
240 352
237 353
236 354
233 355
232 356
228 357
226 358
225 359
221 360
218 361
217 362
216 363
215 364
212 365
211 366
210 367
209 368
207 369
204 370
203 371
202 372
197 373
196 374
195 375
194 376
192 377
191 378
188 379
186 380
185 381
184 382
182 383
180 384
177 385
175 386
173 387
167 388
166 389
163 390
162 391
160 392
156 393
152 394
151 395
149 396
146 397
144 398
139 399
138 400
130 401
128 402
127 403
125 404
124 405
123 406
113 407
111 408
110 409
107 410
105 411
104 412
103 413
101 414
99 415
97 416
93 417
92 418
91 419
90 420
89 421
88 422
87 423
86 424
85 425
84 426
83 427
82 428
81 429
80 430
79 431
78 432
77 433
76 434
75 435
74 436
73 437
72 438
71 439
70 440
69 441
68 442
67 443
66 444
65 445
64 446
63 447
62 448
61 449
60 450
59 451
58 452
57 453
56 454
55 455
54 456
53 457
52 458
51 459
50 460
49 461
48 462
47 463
46 464
45 465
44 466
43 467
42 468
41 469
40 470
39 471
38 472
37 473
36 474
35 475
34 476
33 477
32 478
31 479
30 480
29 481
28 482
27 483
26 484
25 485
24 486
23 487
22 488
21 489
20 490
19 491
18 492
17 493
16 494
15 495
14 496
13 497
12 498
11 499
10 500
9 501
8 502
7 503
6 504
5 505
4 506
3 507
2 508
0 509
9999999999999999999999999999999999999999999999999999999999999999999999999999999999999999999998
510
0 0
1 1
2 2
3 3
4 4
5 5
6 6
7 7
8 8
9 9
10 10
11 11
12 12
13 13
14 14
15 15
16 16
17 17
18 18
19 19
20 20
21 21
22 22
23 23
24 24
25 25
26 26
27 27
28 28
29 29
30 30
31 31
32 32
33 33
34 34
35 35
36 36
37 37
38 38
39 39
40 40
41 41
42 42
43 43
44 44
45 45
46 46
47 47
48 48
49 49
50 50
51 51
52 52
53 53
54 54
55 55
56 56
57 57
58 58
59 59
60 60
61 61
62 62
63 63
64 64
65 65
66 66
67 67
68 68
69 69
70 70
71 71
72 72
73 73
74 74
75 75
76 76
77 77
78 78
79 79
80 80
81 81
82 82
83 83
84 84
85 85
86 86
87 87
88 88
89 89
90 90
91 91
92 92
93 93
94 94
95 95
96 96
97 97
98 98
99 99
100 100
101 101
102 102
103 103
104 104
105 105
106 106
107 107
108 108
109 109
110 110
111 111
112 112
113 113
114 114
115 115
116 116
117 117
118 118
119 119
120 120
121 121
122 122
123 123
124 124
125 125
126 126
127 127
128 128
129 129
130 130
131 131
132 132
133 133
134 134
135 135
136 136
137 137
138 138
139 139
140 140
141 141
142 142
143 143
144 144
145 145
146 146
147 147
148 148
149 149
150 150
151 151
152 152
153 153
154 154
155 155
156 156
157 157
158 158
159 159
160 160
161 161
162 162
163 163
164 164
165 165
166 166
167 167
168 168
169 169
170 170
171 171
172 172
173 173
174 174
175 175
176 176
177 177
178 178
179 179
180 180
181 181
182 182
183 183
184 184
185 185
186 186
187 187
188 188
189 189
190 190
191 191
192 192
193 193
194 194
195 195
196 196
197 197
198 198
199 199
200 200
201 201
202 202
203 203
204 204
205 205
206 206
207 207
208 208
209 209
210 210
211 211
212 212
213 213
214 214
215 215
216 216
217 217
218 218
219 219
220 220
221 221
222 222
223 223
224 224
225 225
226 226
227 227
228 228
229 229
230 230
231 231
232 232
233 233
234 234
235 235
236 236
237 237
238 238
239 239
240 240
241 241
242 242
243 243
244 244
245 245
246 246
247 247
248 248
249 249
250 250
251 251
252 252
253 253
254 254
255 255
256 256
257 257
258 258
259 259
260 260
261 261
262 262
263 263
264 264
265 265
266 266
267 267
268 268
269 269
270 270
271 271
272 272
273 273
274 274
275 275
276 276
277 277
278 278
279 279
280 280
281 281
282 282
283 283
284 284
285 285
286 286
287 287
288 288
289 289
290 290
291 291
292 292
293 293
294 294
295 295
296 296
297 297
298 298
299 299
300 300
301 301
302 302
303 303
304 304
305 305
306 306
307 307
308 308
309 309
310 310
311 311
309 312
308 313
305 314
303 315
302 316
300 317
296 318
294 319
293 320
292 321
291 322
290 323
289 324
287 325
286 326
284 327
282 328
280 329
278 330
277 331
276 332
274 333
273 334
272 335
271 336
270 337
268 338
263 339
261 340
260 341
259 342
258 343
257 344
254 345
247 346
246 347
245 348
244 349
243 350
242 351
240 352
237 353
236 354
233 355
232 356
228 357
226 358
225 359
221 360
218 361
217 362
216 363
215 364
212 365
211 366
210 367
209 368
207 369
204 370
203 371
202 372
197 373
196 374
195 375
194 376
192 377
191 378
188 379
186 380
185 381
184 382
182 383
180 384
177 385
175 386
173 387
167 388
166 389
163 390
162 391
160 392
156 393
152 394
151 395
149 396
146 397
144 398
139 399
138 400
130 401
128 402
127 403
125 404
124 405
123 406
113 407
111 408
110 409
107 410
105 411
104 412
103 413
101 414
99 415
97 416
93 417
92 418
91 419
90 420
89 421
88 422
87 423
86 424
85 425
84 426
83 427
82 428
81 429
80 430
79 431
78 432
77 433
76 434
75 435
74 436
73 437
72 438
71 439
70 440
69 441
68 442
67 443
66 444
65 445
64 446
63 447
62 448
61 449
60 450
59 451
58 452
57 453
56 454
55 455
54 456
53 457
52 458
51 459
50 460
49 461
48 462
47 463
46 464
45 465
44 466
43 467
42 468
41 469
40 470
39 471
38 472
37 473
36 474
35 475
34 476
33 477
32 478
31 479
30 480
29 481
28 482
27 483
26 484
25 485
24 486
23 487
22 488
21 489
20 490
19 491
18 492
17 493
16 494
15 495
14 496
13 497
12 498
11 499
10 500
9 501
8 502
7 503
6 504
5 505
4 506
3 507
2 508
1 509
9999999999999999999999999999999999999999999999999999999999999999999999999999999999999999999999
511
0 0
1 1
2 2
3 3
4 4
5 5
6 6
7 7
8 8
9 9
10 10
11 11
12 12
13 13
14 14
15 15
16 16
17 17
18 18
19 19
20 20
21 21
22 22
23 23
24 24
25 25
26 26
27 27
28 28
29 29
30 30
31 31
32 32
33 33
34 34
35 35
36 36
37 37
38 38
39 39
40 40
41 41
42 42
43 43
44 44
45 45
46 46
47 47
48 48
49 49
50 50
51 51
52 52
53 53
54 54
55 55
56 56
57 57
58 58
59 59
60 60
61 61
62 62
63 63
64 64
65 65
66 66
67 67
68 68
69 69
70 70
71 71
72 72
73 73
74 74
75 75
76 76
77 77
78 78
79 79
80 80
81 81
82 82
83 83
84 84
85 85
86 86
87 87
88 88
89 89
90 90
91 91
92 92
93 93
94 94
95 95
96 96
97 97
98 98
99 99
100 100
101 101
102 102
103 103
104 104
105 105
106 106
107 107
108 108
109 109
110 110
111 111
112 112
113 113
114 114
115 115
116 116
117 117
118 118
119 119
120 120
121 121
122 122
123 123
124 124
125 125
126 126
127 127
128 128
129 129
130 130
131 131
132 132
133 133
134 134
135 135
136 136
137 137
138 138
139 139
140 140
141 141
142 142
143 143
144 144
145 145
146 146
147 147
148 148
149 149
150 150
151 151
152 152
153 153
154 154
155 155
156 156
157 157
158 158
159 159
160 160
161 161
162 162
163 163
164 164
165 165
166 166
167 167
168 168
169 169
170 170
171 171
172 172
173 173
174 174
175 175
176 176
177 177
178 178
179 179
180 180
181 181
182 182
183 183
184 184
185 185
186 186
187 187
188 188
189 189
190 190
191 191
192 192
193 193
194 194
195 195
196 196
197 197
198 198
199 199
200 200
201 201
202 202
203 203
204 204
205 205
206 206
207 207
208 208
209 209
210 210
211 211
212 212
213 213
214 214
215 215
216 216
217 217
218 218
219 219
220 220
221 221
222 222
223 223
224 224
225 225
226 226
227 227
228 228
229 229
230 230
231 231
232 232
233 233
234 234
235 235
236 236
237 237
238 238
239 239
240 240
241 241
242 242
243 243
244 244
245 245
246 246
247 247
248 248
249 249
250 250
251 251
252 252
253 253
254 254
255 255
256 256
257 257
258 258
259 259
260 260
261 261
262 262
263 263
264 264
265 265
266 266
267 267
268 268
269 269
270 270
271 271
272 272
273 273
274 274
275 275
276 276
277 277
278 278
279 279
280 280
281 281
282 282
283 283
284 284
285 285
286 286
287 287
288 288
289 289
290 290
291 291
292 292
293 293
294 294
295 295
296 296
297 297
298 298
299 299
300 300
301 301
302 302
303 303
304 304
305 305
306 306
307 307
308 308
309 309
310 310
311 311
309 312
308 313
305 314
303 315
302 316
300 317
296 318
294 319
293 320
292 321
291 322
290 323
289 324
287 325
286 326
284 327
282 328
280 329
278 330
277 331
276 332
274 333
273 334
272 335
271 336
270 337
268 338
263 339
261 340
260 341
259 342
258 343
257 344
254 345
247 346
246 347
245 348
244 349
243 350
242 351
240 352
237 353
236 354
233 355
232 356
228 357
226 358
225 359
221 360
218 361
217 362
216 363
215 364
212 365
211 366
210 367
209 368
207 369
204 370
203 371
202 372
197 373
196 374
195 375
194 376
192 377
191 378
188 379
186 380
185 381
184 382
182 383
180 384
177 385
175 386
173 387
167 388
166 389
163 390
162 391
160 392
156 393
152 394
151 395
149 396
146 397
144 398
139 399
138 400
130 401
128 402
127 403
125 404
124 405
123 406
113 407
111 408
110 409
107 410
105 411
104 412
103 413
101 414
99 415
97 416
93 417
92 418
91 419
90 420
89 421
88 422
87 423
86 424
85 425
84 426
83 427
82 428
81 429
80 430
79 431
78 432
77 433
76 434
75 435
74 436
73 437
72 438
71 439
70 440
69 441
68 442
67 443
66 444
65 445
64 446
63 447
62 448
61 449
60 450
59 451
58 452
57 453
56 454
55 455
54 456
53 457
52 458
51 459
50 460
49 461
48 462
47 463
46 464
45 465
44 466
43 467
42 468
41 469
40 470
39 471
38 472
37 473
36 474
35 475
34 476
33 477
32 478
31 479
30 480
29 481
28 482
27 483
26 484
25 485
24 486
23 487
22 488
21 489
20 490
19 491
18 492
17 493
16 494
15 495
14 496
13 497
12 498
11 499
10 500
9 501
8 502
7 503
6 504
5 505
4 506
3 507
2 508
1 509
0 510
